<?xml version="1.0" encoding="UTF-8"?>
<!-- Generated by org.testng.reporters.JUnitReportReporter -->
<testsuite skipped="0" hostname="POOJA-HP" name="com.crm.qa.testdata.LoginPageTest" tests="3" failures="0" timestamp="03 May 2018 08:19:15 GMT" time="6.858" errors="0">
  <testcase name="validateUnamePageTitleTest" time="0.016" classname="com.crm.qa.testdata.LoginPageTest"/>
  <testcase name="goToSubmitPageTest" time="3.295" classname="com.crm.qa.testdata.LoginPageTest"/>
  <testcase name="goToHomePageTest" time="3.547" classname="com.crm.qa.testdata.LoginPageTest"/>
</testsuite> <!-- com.crm.qa.testdata.LoginPageTest -->
